{"contracts\\IUnicadetsRenderer.sol":{"l":{},"path":"C:\\Users\\Shaun\\Desktop\\Unicadets\\Unicadets\\contracts\\IUnicadetsRenderer.sol","s":{},"b":{},"f":{},"fnMap":{},"statementMap":{},"branchMap":{}},"contracts\\Unicadets.sol":{"l":{"38":1,"42":12,"43":12,"45":0,"56":16,"57":16,"58":16,"60":16,"61":16,"62":16,"64":0,"66":16,"67":16,"68":16,"69":16,"70":16,"71":16,"78":0,"79":0,"80":0,"81":0,"82":0,"86":88,"87":72,"93":72,"94":72,"95":72,"104":72,"114":72,"115":0,"117":72,"122":0,"123":0,"127":1},"path":"C:\\Users\\Shaun\\Desktop\\Unicadets\\Unicadets\\contracts\\Unicadets.sol","s":{"1":1,"2":12,"3":12,"4":0,"5":16,"6":16,"7":16,"8":16,"9":16,"10":16,"11":0,"12":16,"13":16,"14":16,"15":16,"16":16,"17":16,"18":0,"19":0,"20":0,"21":0,"22":0,"23":88,"24":16,"25":72,"26":72,"27":72,"28":72,"29":72,"30":72,"31":0,"32":72,"33":0,"34":0,"35":1},"b":{"1":[12,0],"2":[16,0],"3":[16,0],"4":[16,0],"5":[16,0],"6":[16,0],"7":[0,0],"8":[0,0],"9":[16,72],"10":[0,72],"11":[0,0]},"f":{"1":27,"2":1,"3":12,"4":16,"5":0,"6":88,"7":72,"8":0,"9":1},"fnMap":{"1":{"name":"constructor","line":32,"loc":{"start":{"line":32,"column":4},"end":{"line":32,"column":49}}},"2":{"name":"setRendererContract","line":37,"loc":{"start":{"line":37,"column":4},"end":{"line":39,"column":4}}},"3":{"name":"getBatchPrice","line":41,"loc":{"start":{"line":41,"column":4},"end":{"line":46,"column":4}}},"4":{"name":"mintCadet","line":51,"loc":{"start":{"line":51,"column":4},"end":{"line":72,"column":4}}},"5":{"name":"devTeamMint","line":77,"loc":{"start":{"line":77,"column":4},"end":{"line":83,"column":4}}},"6":{"name":"_internalMint","line":85,"loc":{"start":{"line":85,"column":4},"end":{"line":96,"column":4}}},"7":{"name":"_seedGen","line":103,"loc":{"start":{"line":103,"column":4},"end":{"line":118,"column":4}}},"8":{"name":"tokenURI","line":121,"loc":{"start":{"line":121,"column":4},"end":{"line":124,"column":4}}},"9":{"name":"withdraw","line":126,"loc":{"start":{"line":126,"column":4},"end":{"line":128,"column":4}}}},"statementMap":{"1":{"start":{"line":38,"column":8},"end":{"line":38,"column":48}},"2":{"start":{"line":42,"column":8},"end":{"line":42,"column":1237}},"3":{"start":{"line":43,"column":12},"end":{"line":43,"column":26}},"4":{"start":{"line":45,"column":12},"end":{"line":45,"column":40}},"5":{"start":{"line":56,"column":8},"end":{"line":56,"column":38}},"6":{"start":{"line":57,"column":8},"end":{"line":57,"column":32}},"7":{"start":{"line":58,"column":8},"end":{"line":58,"column":39}},"8":{"start":{"line":60,"column":8},"end":{"line":60,"column":27}},"9":{"start":{"line":61,"column":8},"end":{"line":61,"column":1801}},"10":{"start":{"line":62,"column":12},"end":{"line":62,"column":32}},"11":{"start":{"line":64,"column":12},"end":{"line":64,"column":46}},"12":{"start":{"line":66,"column":8},"end":{"line":66,"column":69}},"13":{"start":{"line":67,"column":8},"end":{"line":67,"column":80}},"14":{"start":{"line":68,"column":8},"end":{"line":68,"column":67}},"15":{"start":{"line":69,"column":8},"end":{"line":69,"column":70}},"16":{"start":{"line":70,"column":8},"end":{"line":70,"column":38}},"17":{"start":{"line":71,"column":8},"end":{"line":71,"column":38}},"18":{"start":{"line":78,"column":8},"end":{"line":78,"column":50}},"19":{"start":{"line":79,"column":8},"end":{"line":79,"column":79}},"20":{"start":{"line":80,"column":8},"end":{"line":80,"column":45}},"21":{"start":{"line":81,"column":8},"end":{"line":81,"column":38}},"22":{"start":{"line":82,"column":8},"end":{"line":82,"column":30}},"23":{"start":{"line":86,"column":8},"end":{"line":86,"column":34}},"24":{"start":{"line":86,"column":28},"end":{"line":86,"column":34}},"25":{"start":{"line":87,"column":8},"end":{"line":87,"column":2815}},"26":{"start":{"line":93,"column":8},"end":{"line":93,"column":32}},"27":{"start":{"line":94,"column":8},"end":{"line":94,"column":42}},"28":{"start":{"line":95,"column":8},"end":{"line":95,"column":54}},"29":{"start":{"line":104,"column":8},"end":{"line":104,"column":3521}},"30":{"start":{"line":114,"column":8},"end":{"line":114,"column":3911}},"31":{"start":{"line":115,"column":12},"end":{"line":115,"column":78}},"32":{"start":{"line":117,"column":12},"end":{"line":117,"column":23}},"33":{"start":{"line":122,"column":8},"end":{"line":122,"column":72}},"34":{"start":{"line":123,"column":8},"end":{"line":123,"column":86}},"35":{"start":{"line":127,"column":8},"end":{"line":127,"column":55}}},"branchMap":{"1":{"line":42,"type":"if","locations":[{"start":{"line":42,"column":8},"end":{"line":42,"column":8}},{"start":{"line":42,"column":8},"end":{"line":42,"column":8}}]},"2":{"line":61,"type":"if","locations":[{"start":{"line":61,"column":8},"end":{"line":61,"column":8}},{"start":{"line":61,"column":8},"end":{"line":61,"column":8}}]},"3":{"line":66,"type":"if","locations":[{"start":{"line":66,"column":8},"end":{"line":66,"column":8}},{"start":{"line":66,"column":8},"end":{"line":66,"column":8}}]},"4":{"line":67,"type":"if","locations":[{"start":{"line":67,"column":8},"end":{"line":67,"column":8}},{"start":{"line":67,"column":8},"end":{"line":67,"column":8}}]},"5":{"line":68,"type":"if","locations":[{"start":{"line":68,"column":8},"end":{"line":68,"column":8}},{"start":{"line":68,"column":8},"end":{"line":68,"column":8}}]},"6":{"line":69,"type":"if","locations":[{"start":{"line":69,"column":8},"end":{"line":69,"column":8}},{"start":{"line":69,"column":8},"end":{"line":69,"column":8}}]},"7":{"line":78,"type":"if","locations":[{"start":{"line":78,"column":8},"end":{"line":78,"column":8}},{"start":{"line":78,"column":8},"end":{"line":78,"column":8}}]},"8":{"line":79,"type":"if","locations":[{"start":{"line":79,"column":8},"end":{"line":79,"column":8}},{"start":{"line":79,"column":8},"end":{"line":79,"column":8}}]},"9":{"line":86,"type":"if","locations":[{"start":{"line":86,"column":8},"end":{"line":86,"column":8}},{"start":{"line":86,"column":8},"end":{"line":86,"column":8}}]},"10":{"line":114,"type":"if","locations":[{"start":{"line":114,"column":8},"end":{"line":114,"column":8}},{"start":{"line":114,"column":8},"end":{"line":114,"column":8}}]},"11":{"line":122,"type":"if","locations":[{"start":{"line":122,"column":8},"end":{"line":122,"column":8}},{"start":{"line":122,"column":8},"end":{"line":122,"column":8}}]}}},"contracts\\UnicadetsRenderer.sol":{"l":{"13":0,"14":0,"15":0,"19":0,"20":0,"21":0,"22":0,"24":0,"26":0,"28":0,"34":0,"35":0,"37":0,"43":0,"48":0,"49":0,"50":0,"55":0,"60":0,"61":0,"62":0,"67":0,"72":0,"73":0,"75":0,"78":0,"83":0,"84":0,"85":0,"96":0,"97":0,"98":0,"99":0,"100":0,"101":0,"102":0,"106":0,"107":0,"110":0,"113":0,"116":0,"120":0,"121":0,"122":0,"135":0,"136":0,"145":0,"146":0,"147":0,"148":0,"149":0,"150":0,"151":0,"152":0,"153":0,"173":0,"179":0,"180":0,"183":0,"186":0,"189":0,"191":0,"249":0,"253":0,"254":0,"256":0,"257":0,"258":0,"259":0,"260":0,"262":0,"263":0,"264":0,"265":0,"266":0,"268":0,"277":0,"278":0,"279":0,"280":0,"282":0,"287":0,"288":0,"289":0,"290":0,"291":0,"293":0,"294":0,"304":0,"305":0,"306":0,"307":0,"308":0,"309":0,"311":0,"312":0,"313":0,"316":0,"317":0,"318":0,"319":0,"320":0,"322":0},"path":"C:\\Users\\Shaun\\Desktop\\Unicadets\\Unicadets\\contracts\\UnicadetsRenderer.sol","s":{"1":0,"2":0,"3":0,"4":0,"5":0,"6":0,"7":0,"8":0,"9":0,"10":0,"11":0,"12":0,"13":0,"14":0,"15":0,"16":0,"17":0,"18":0,"19":0,"20":0,"21":0,"22":0,"23":0,"24":0,"25":0,"26":0,"27":0,"28":0,"29":0,"30":0,"31":0,"32":0,"33":0,"34":0,"35":0,"36":0,"37":0,"38":0,"39":0,"40":0,"41":0,"42":0,"43":0,"44":0,"45":0,"46":0,"47":0,"48":0,"49":0,"50":0,"51":0,"52":0,"53":0,"54":0,"55":0,"56":0,"57":0,"58":0,"59":0,"60":0,"61":0,"62":0,"63":0,"64":0,"65":0,"66":0,"67":0,"68":0,"69":0,"70":0,"71":0,"72":0,"73":0,"74":0,"75":0,"76":0,"77":0,"78":0,"79":0,"80":0,"81":0,"82":0,"83":0,"84":0,"85":0,"86":0,"87":0,"88":0,"89":0,"90":0,"91":0,"92":0,"93":0,"94":0,"95":0,"96":0,"97":0,"98":0,"99":0,"100":0,"101":0,"102":0,"103":0,"104":0,"105":0,"106":0},"b":{"1":[0,0],"2":[0,0],"3":[0,0],"4":[0,0],"5":[0,0],"6":[0,0],"7":[0,0],"8":[0,0]},"f":{"1":0,"2":0,"3":0,"4":0,"5":0,"6":0,"7":0,"8":0,"9":0,"10":0,"11":0,"12":0,"13":0,"14":0,"15":0},"fnMap":{"1":{"name":"tokenURI","line":12,"loc":{"start":{"line":12,"column":4},"end":{"line":16,"column":4}}},"2":{"name":"_randomRarity","line":18,"loc":{"start":{"line":18,"column":4},"end":{"line":29,"column":4}}},"3":{"name":"_legs","line":32,"loc":{"start":{"line":32,"column":4},"end":{"line":44,"column":4}}},"4":{"name":"_weapon","line":46,"loc":{"start":{"line":46,"column":4},"end":{"line":56,"column":4}}},"5":{"name":"_top","line":58,"loc":{"start":{"line":58,"column":4},"end":{"line":68,"column":4}}},"6":{"name":"_body","line":71,"loc":{"start":{"line":71,"column":4},"end":{"line":79,"column":4}}},"7":{"name":"_generateArmor","line":81,"loc":{"start":{"line":81,"column":4},"end":{"line":103,"column":4}}},"8":{"name":"_arms","line":105,"loc":{"start":{"line":105,"column":4},"end":{"line":117,"column":4}}},"9":{"name":"_imageURItoTokenURI","line":119,"loc":{"start":{"line":119,"column":4},"end":{"line":132,"column":4}}},"10":{"name":"_svgToImageURI","line":134,"loc":{"start":{"line":134,"column":4},"end":{"line":142,"column":4}}},"11":{"name":"getAttributes","line":144,"loc":{"start":{"line":144,"column":4},"end":{"line":174,"column":4}}},"12":{"name":"_encode","line":178,"loc":{"start":{"line":178,"column":4},"end":{"line":250,"column":4}}},"13":{"name":"toString","line":252,"loc":{"start":{"line":252,"column":4},"end":{"line":269,"column":4}}},"14":{"name":"substring","line":272,"loc":{"start":{"line":272,"column":4},"end":{"line":283,"column":4}}},"15":{"name":"_renderSVG","line":285,"loc":{"start":{"line":285,"column":4},"end":{"line":331,"column":4}}}},"statementMap":{"1":{"start":{"line":13,"column":8},"end":{"line":13,"column":45}},"2":{"start":{"line":14,"column":8},"end":{"line":14,"column":32}},"3":{"start":{"line":15,"column":8},"end":{"line":15,"column":46}},"4":{"start":{"line":19,"column":8},"end":{"line":19,"column":45}},"5":{"start":{"line":20,"column":8},"end":{"line":20,"column":21}},"6":{"start":{"line":21,"column":8},"end":{"line":21,"column":842}},"7":{"start":{"line":22,"column":12},"end":{"line":22,"column":62}},"8":{"start":{"line":23,"column":13},"end":{"line":23,"column":970}},"9":{"start":{"line":24,"column":12},"end":{"line":24,"column":76}},"10":{"start":{"line":25,"column":13},"end":{"line":25,"column":1114}},"11":{"start":{"line":26,"column":12},"end":{"line":26,"column":71}},"12":{"start":{"line":27,"column":13},"end":{"line":27,"column":1253}},"13":{"start":{"line":28,"column":12},"end":{"line":28,"column":75}},"14":{"start":{"line":34,"column":8},"end":{"line":34,"column":21}},"15":{"start":{"line":35,"column":8},"end":{"line":35,"column":50}},"16":{"start":{"line":37,"column":12},"end":{"line":37,"column":1570}},"17":{"start":{"line":43,"column":8},"end":{"line":43,"column":27}},"18":{"start":{"line":48,"column":8},"end":{"line":48,"column":21}},"19":{"start":{"line":49,"column":8},"end":{"line":49,"column":53}},"20":{"start":{"line":50,"column":8},"end":{"line":50,"column":2035}},"21":{"start":{"line":55,"column":8},"end":{"line":55,"column":30}},"22":{"start":{"line":60,"column":8},"end":{"line":60,"column":21}},"23":{"start":{"line":61,"column":8},"end":{"line":61,"column":50}},"24":{"start":{"line":62,"column":8},"end":{"line":62,"column":2478}},"25":{"start":{"line":67,"column":8},"end":{"line":67,"column":28}},"26":{"start":{"line":72,"column":8},"end":{"line":72,"column":21}},"27":{"start":{"line":73,"column":8},"end":{"line":73,"column":52}},"28":{"start":{"line":75,"column":8},"end":{"line":75,"column":3061}},"29":{"start":{"line":78,"column":8},"end":{"line":78,"column":29}},"30":{"start":{"line":83,"column":8},"end":{"line":83,"column":33}},"31":{"start":{"line":84,"column":8},"end":{"line":84,"column":3479}},"32":{"start":{"line":85,"column":12},"end":{"line":85,"column":69}},"33":{"start":{"line":96,"column":8},"end":{"line":96,"column":30}},"34":{"start":{"line":97,"column":8},"end":{"line":97,"column":50}},"35":{"start":{"line":98,"column":8},"end":{"line":98,"column":37}},"36":{"start":{"line":99,"column":8},"end":{"line":99,"column":38}},"37":{"start":{"line":100,"column":8},"end":{"line":100,"column":40}},"38":{"start":{"line":101,"column":8},"end":{"line":101,"column":38}},"39":{"start":{"line":102,"column":8},"end":{"line":102,"column":20}},"40":{"start":{"line":106,"column":8},"end":{"line":106,"column":21}},"41":{"start":{"line":107,"column":8},"end":{"line":107,"column":50}},"42":{"start":{"line":110,"column":8},"end":{"line":110,"column":4253}},"43":{"start":{"line":113,"column":8},"end":{"line":113,"column":4424}},"44":{"start":{"line":116,"column":8},"end":{"line":116,"column":54}},"45":{"start":{"line":120,"column":8},"end":{"line":120,"column":63}},"46":{"start":{"line":121,"column":8},"end":{"line":121,"column":55}},"47":{"start":{"line":122,"column":8},"end":{"line":122,"column":4860}},"48":{"start":{"line":135,"column":8},"end":{"line":135,"column":51}},"49":{"start":{"line":136,"column":8},"end":{"line":136,"column":5436}},"50":{"start":{"line":145,"column":8},"end":{"line":145,"column":33}},"51":{"start":{"line":146,"column":8},"end":{"line":146,"column":103}},"52":{"start":{"line":147,"column":8},"end":{"line":147,"column":5931}},"53":{"start":{"line":148,"column":12},"end":{"line":148,"column":70}},"54":{"start":{"line":149,"column":8},"end":{"line":149,"column":37}},"55":{"start":{"line":150,"column":8},"end":{"line":150,"column":28}},"56":{"start":{"line":151,"column":8},"end":{"line":151,"column":6052}},"57":{"start":{"line":152,"column":12},"end":{"line":152,"column":71}},"58":{"start":{"line":153,"column":12},"end":{"line":153,"column":35}},"59":{"start":{"line":173,"column":8},"end":{"line":173,"column":345}},"60":{"start":{"line":179,"column":8},"end":{"line":179,"column":96}},"61":{"start":{"line":180,"column":8},"end":{"line":180,"column":39}},"62":{"start":{"line":180,"column":30},"end":{"line":180,"column":39}},"63":{"start":{"line":183,"column":8},"end":{"line":183,"column":35}},"64":{"start":{"line":186,"column":8},"end":{"line":186,"column":56}},"65":{"start":{"line":189,"column":8},"end":{"line":189,"column":58}},"66":{"start":{"line":249,"column":8},"end":{"line":249,"column":21}},"67":{"start":{"line":253,"column":8},"end":{"line":253,"column":9684}},"68":{"start":{"line":254,"column":12},"end":{"line":254,"column":22}},"69":{"start":{"line":256,"column":8},"end":{"line":256,"column":28}},"70":{"start":{"line":257,"column":8},"end":{"line":257,"column":22}},"71":{"start":{"line":258,"column":8},"end":{"line":258,"column":9803}},"72":{"start":{"line":260,"column":12},"end":{"line":260,"column":21}},"73":{"start":{"line":262,"column":8},"end":{"line":262,"column":47}},"74":{"start":{"line":263,"column":8},"end":{"line":263,"column":9941}},"75":{"start":{"line":264,"column":12},"end":{"line":264,"column":22}},"76":{"start":{"line":265,"column":12},"end":{"line":265,"column":67}},"77":{"start":{"line":266,"column":12},"end":{"line":266,"column":22}},"78":{"start":{"line":268,"column":8},"end":{"line":268,"column":29}},"79":{"start":{"line":277,"column":8},"end":{"line":277,"column":42}},"80":{"start":{"line":278,"column":8},"end":{"line":278,"column":62}},"81":{"start":{"line":279,"column":8},"end":{"line":279,"column":10413}},"82":{"start":{"line":280,"column":12},"end":{"line":280,"column":47}},"83":{"start":{"line":282,"column":8},"end":{"line":282,"column":29}},"84":{"start":{"line":287,"column":8},"end":{"line":287,"column":35}},"85":{"start":{"line":288,"column":8},"end":{"line":288,"column":40}},"86":{"start":{"line":289,"column":8},"end":{"line":289,"column":35}},"87":{"start":{"line":290,"column":8},"end":{"line":290,"column":10815}},"88":{"start":{"line":291,"column":12},"end":{"line":291,"column":49}},"89":{"start":{"line":293,"column":8},"end":{"line":293,"column":39}},"90":{"start":{"line":294,"column":8},"end":{"line":294,"column":30}},"91":{"start":{"line":304,"column":8},"end":{"line":304,"column":30}},"92":{"start":{"line":305,"column":8},"end":{"line":305,"column":31}},"93":{"start":{"line":306,"column":8},"end":{"line":306,"column":11176}},"94":{"start":{"line":307,"column":12},"end":{"line":307,"column":27}},"95":{"start":{"line":308,"column":12},"end":{"line":308,"column":199}},"96":{"start":{"line":309,"column":12},"end":{"line":309,"column":200}},"97":{"start":{"line":310,"column":15},"end":{"line":310,"column":11658}},"98":{"start":{"line":311,"column":12},"end":{"line":311,"column":27}},"99":{"start":{"line":312,"column":12},"end":{"line":312,"column":200}},"100":{"start":{"line":313,"column":12},"end":{"line":313,"column":200}},"101":{"start":{"line":316,"column":8},"end":{"line":316,"column":107}},"102":{"start":{"line":317,"column":8},"end":{"line":317,"column":123}},"103":{"start":{"line":318,"column":8},"end":{"line":318,"column":125}},"104":{"start":{"line":319,"column":8},"end":{"line":319,"column":136}},"105":{"start":{"line":320,"column":8},"end":{"line":320,"column":200}},"106":{"start":{"line":322,"column":8},"end":{"line":322,"column":12873}}},"branchMap":{"1":{"line":21,"type":"if","locations":[{"start":{"line":21,"column":8},"end":{"line":21,"column":8}},{"start":{"line":21,"column":8},"end":{"line":21,"column":8}}]},"2":{"line":23,"type":"if","locations":[{"start":{"line":23,"column":13},"end":{"line":23,"column":13}},{"start":{"line":23,"column":13},"end":{"line":23,"column":13}}]},"3":{"line":25,"type":"if","locations":[{"start":{"line":25,"column":13},"end":{"line":25,"column":13}},{"start":{"line":25,"column":13},"end":{"line":25,"column":13}}]},"4":{"line":27,"type":"if","locations":[{"start":{"line":27,"column":13},"end":{"line":27,"column":13}},{"start":{"line":27,"column":13},"end":{"line":27,"column":13}}]},"5":{"line":180,"type":"if","locations":[{"start":{"line":180,"column":8},"end":{"line":180,"column":8}},{"start":{"line":180,"column":8},"end":{"line":180,"column":8}}]},"6":{"line":253,"type":"if","locations":[{"start":{"line":253,"column":8},"end":{"line":253,"column":8}},{"start":{"line":253,"column":8},"end":{"line":253,"column":8}}]},"7":{"line":306,"type":"if","locations":[{"start":{"line":306,"column":8},"end":{"line":306,"column":8}},{"start":{"line":306,"column":8},"end":{"line":306,"column":8}}]},"8":{"line":310,"type":"if","locations":[{"start":{"line":310,"column":15},"end":{"line":310,"column":15}},{"start":{"line":310,"column":15},"end":{"line":310,"column":15}}]}}}}