{"contracts\\IUnicadetsRenderer.sol":{"l":{},"path":"C:\\Users\\shaun\\Desktop\\Unicadets\\Unicadets\\contracts\\IUnicadetsRenderer.sol","s":{},"b":{},"f":{},"fnMap":{},"statementMap":{},"branchMap":{}},"contracts\\Unicadets.sol":{"l":{"38":1,"42":12,"43":12,"45":0,"56":16,"57":16,"58":16,"60":16,"61":16,"62":16,"64":0,"66":16,"67":16,"68":16,"69":16,"70":16,"71":16,"78":0,"79":0,"80":0,"81":0,"82":0,"86":88,"87":72,"93":72,"94":72,"95":72,"104":72,"114":72,"115":0,"117":72,"122":0,"123":0,"127":1},"path":"C:\\Users\\shaun\\Desktop\\Unicadets\\Unicadets\\contracts\\Unicadets.sol","s":{"1":1,"2":12,"3":12,"4":0,"5":16,"6":16,"7":16,"8":16,"9":16,"10":16,"11":0,"12":16,"13":16,"14":16,"15":16,"16":16,"17":16,"18":0,"19":0,"20":0,"21":0,"22":0,"23":88,"24":16,"25":72,"26":72,"27":72,"28":72,"29":72,"30":72,"31":0,"32":72,"33":0,"34":0,"35":1},"b":{"1":[12,0],"2":[16,0],"3":[16,0],"4":[16,0],"5":[16,0],"6":[16,0],"7":[0,0],"8":[0,0],"9":[16,72],"10":[0,72],"11":[0,0]},"f":{"1":27,"2":1,"3":12,"4":16,"5":0,"6":88,"7":72,"8":0,"9":1},"fnMap":{"1":{"name":"constructor","line":32,"loc":{"start":{"line":32,"column":4},"end":{"line":32,"column":49}}},"2":{"name":"setRendererContract","line":37,"loc":{"start":{"line":37,"column":4},"end":{"line":39,"column":4}}},"3":{"name":"getBatchPrice","line":41,"loc":{"start":{"line":41,"column":4},"end":{"line":46,"column":4}}},"4":{"name":"mintCadet","line":51,"loc":{"start":{"line":51,"column":4},"end":{"line":72,"column":4}}},"5":{"name":"devTeamMint","line":77,"loc":{"start":{"line":77,"column":4},"end":{"line":83,"column":4}}},"6":{"name":"_internalMint","line":85,"loc":{"start":{"line":85,"column":4},"end":{"line":96,"column":4}}},"7":{"name":"_seedGen","line":103,"loc":{"start":{"line":103,"column":4},"end":{"line":118,"column":4}}},"8":{"name":"tokenURI","line":121,"loc":{"start":{"line":121,"column":4},"end":{"line":124,"column":4}}},"9":{"name":"withdraw","line":126,"loc":{"start":{"line":126,"column":4},"end":{"line":128,"column":4}}}},"statementMap":{"1":{"start":{"line":38,"column":8},"end":{"line":38,"column":48}},"2":{"start":{"line":42,"column":8},"end":{"line":42,"column":1237}},"3":{"start":{"line":43,"column":12},"end":{"line":43,"column":26}},"4":{"start":{"line":45,"column":12},"end":{"line":45,"column":40}},"5":{"start":{"line":56,"column":8},"end":{"line":56,"column":38}},"6":{"start":{"line":57,"column":8},"end":{"line":57,"column":32}},"7":{"start":{"line":58,"column":8},"end":{"line":58,"column":39}},"8":{"start":{"line":60,"column":8},"end":{"line":60,"column":27}},"9":{"start":{"line":61,"column":8},"end":{"line":61,"column":1801}},"10":{"start":{"line":62,"column":12},"end":{"line":62,"column":32}},"11":{"start":{"line":64,"column":12},"end":{"line":64,"column":46}},"12":{"start":{"line":66,"column":8},"end":{"line":66,"column":69}},"13":{"start":{"line":67,"column":8},"end":{"line":67,"column":80}},"14":{"start":{"line":68,"column":8},"end":{"line":68,"column":67}},"15":{"start":{"line":69,"column":8},"end":{"line":69,"column":70}},"16":{"start":{"line":70,"column":8},"end":{"line":70,"column":38}},"17":{"start":{"line":71,"column":8},"end":{"line":71,"column":38}},"18":{"start":{"line":78,"column":8},"end":{"line":78,"column":50}},"19":{"start":{"line":79,"column":8},"end":{"line":79,"column":79}},"20":{"start":{"line":80,"column":8},"end":{"line":80,"column":45}},"21":{"start":{"line":81,"column":8},"end":{"line":81,"column":38}},"22":{"start":{"line":82,"column":8},"end":{"line":82,"column":30}},"23":{"start":{"line":86,"column":8},"end":{"line":86,"column":34}},"24":{"start":{"line":86,"column":28},"end":{"line":86,"column":34}},"25":{"start":{"line":87,"column":8},"end":{"line":87,"column":2815}},"26":{"start":{"line":93,"column":8},"end":{"line":93,"column":32}},"27":{"start":{"line":94,"column":8},"end":{"line":94,"column":42}},"28":{"start":{"line":95,"column":8},"end":{"line":95,"column":54}},"29":{"start":{"line":104,"column":8},"end":{"line":104,"column":3521}},"30":{"start":{"line":114,"column":8},"end":{"line":114,"column":3911}},"31":{"start":{"line":115,"column":12},"end":{"line":115,"column":78}},"32":{"start":{"line":117,"column":12},"end":{"line":117,"column":23}},"33":{"start":{"line":122,"column":8},"end":{"line":122,"column":72}},"34":{"start":{"line":123,"column":8},"end":{"line":123,"column":86}},"35":{"start":{"line":127,"column":8},"end":{"line":127,"column":55}}},"branchMap":{"1":{"line":42,"type":"if","locations":[{"start":{"line":42,"column":8},"end":{"line":42,"column":8}},{"start":{"line":42,"column":8},"end":{"line":42,"column":8}}]},"2":{"line":61,"type":"if","locations":[{"start":{"line":61,"column":8},"end":{"line":61,"column":8}},{"start":{"line":61,"column":8},"end":{"line":61,"column":8}}]},"3":{"line":66,"type":"if","locations":[{"start":{"line":66,"column":8},"end":{"line":66,"column":8}},{"start":{"line":66,"column":8},"end":{"line":66,"column":8}}]},"4":{"line":67,"type":"if","locations":[{"start":{"line":67,"column":8},"end":{"line":67,"column":8}},{"start":{"line":67,"column":8},"end":{"line":67,"column":8}}]},"5":{"line":68,"type":"if","locations":[{"start":{"line":68,"column":8},"end":{"line":68,"column":8}},{"start":{"line":68,"column":8},"end":{"line":68,"column":8}}]},"6":{"line":69,"type":"if","locations":[{"start":{"line":69,"column":8},"end":{"line":69,"column":8}},{"start":{"line":69,"column":8},"end":{"line":69,"column":8}}]},"7":{"line":78,"type":"if","locations":[{"start":{"line":78,"column":8},"end":{"line":78,"column":8}},{"start":{"line":78,"column":8},"end":{"line":78,"column":8}}]},"8":{"line":79,"type":"if","locations":[{"start":{"line":79,"column":8},"end":{"line":79,"column":8}},{"start":{"line":79,"column":8},"end":{"line":79,"column":8}}]},"9":{"line":86,"type":"if","locations":[{"start":{"line":86,"column":8},"end":{"line":86,"column":8}},{"start":{"line":86,"column":8},"end":{"line":86,"column":8}}]},"10":{"line":114,"type":"if","locations":[{"start":{"line":114,"column":8},"end":{"line":114,"column":8}},{"start":{"line":114,"column":8},"end":{"line":114,"column":8}}]},"11":{"line":122,"type":"if","locations":[{"start":{"line":122,"column":8},"end":{"line":122,"column":8}},{"start":{"line":122,"column":8},"end":{"line":122,"column":8}}]}}},"contracts\\UnicadetsRenderer.sol":{"l":{"13":0,"14":0,"15":0,"19":0,"20":0,"21":0,"22":0,"24":0,"26":0,"28":0,"35":0,"36":0,"37":0,"38":0,"44":0,"46":0,"70":0,"78":0,"79":0,"80":0,"81":0,"86":0,"88":0,"102":0,"109":0,"110":0,"112":0,"113":0,"116":0,"118":0,"131":0,"136":0,"137":0,"140":0,"141":0,"146":0,"151":0,"153":0,"164":0,"175":0,"176":0,"184":0,"185":0,"186":0,"199":0,"200":0,"209":0,"213":0,"214":0,"215":0,"216":0,"217":0,"218":0,"219":0,"220":0,"221":0,"224":0,"225":0,"226":0,"227":0,"228":0,"229":0,"230":0,"231":0,"232":0,"233":0,"235":0,"241":0,"242":0,"243":0,"244":0,"249":0,"253":0,"281":0,"286":0,"287":0,"290":0,"293":0,"296":0,"298":0,"356":0,"360":0,"361":0,"363":0,"364":0,"365":0,"366":0,"367":0,"369":0,"370":0,"371":0,"372":0,"373":0,"375":0,"384":0,"385":0,"386":0,"387":0,"389":0,"394":0,"395":0,"397":0,"398":0,"399":0,"400":0,"401":0,"402":0,"403":0,"405":0,"407":0,"408":0,"409":0,"412":0,"413":0,"414":0,"417":0,"418":0,"419":0,"420":0,"421":0,"423":0},"path":"C:\\Users\\shaun\\Desktop\\Unicadets\\Unicadets\\contracts\\UnicadetsRenderer.sol","s":{"1":0,"2":0,"3":0,"4":0,"5":0,"6":0,"7":0,"8":0,"9":0,"10":0,"11":0,"12":0,"13":0,"14":0,"15":0,"16":0,"17":0,"18":0,"19":0,"20":0,"21":0,"22":0,"23":0,"24":0,"25":0,"26":0,"27":0,"28":0,"29":0,"30":0,"31":0,"32":0,"33":0,"34":0,"35":0,"36":0,"37":0,"38":0,"39":0,"40":0,"41":0,"42":0,"43":0,"44":0,"45":0,"46":0,"47":0,"48":0,"49":0,"50":0,"51":0,"52":0,"53":0,"54":0,"55":0,"56":0,"57":0,"58":0,"59":0,"60":0,"61":0,"62":0,"63":0,"64":0,"65":0,"66":0,"67":0,"68":0,"69":0,"70":0,"71":0,"72":0,"73":0,"74":0,"75":0,"76":0,"77":0,"78":0,"79":0,"80":0,"81":0,"82":0,"83":0,"84":0,"85":0,"86":0,"87":0,"88":0,"89":0,"90":0,"91":0,"92":0,"93":0,"94":0,"95":0,"96":0,"97":0,"98":0,"99":0,"100":0,"101":0,"102":0,"103":0,"104":0,"105":0,"106":0,"107":0,"108":0,"109":0,"110":0,"111":0,"112":0,"113":0,"114":0,"115":0,"116":0,"117":0,"118":0,"119":0,"120":0,"121":0,"122":0,"123":0,"124":0},"b":{"1":[0,0],"2":[0,0],"3":[0,0],"4":[0,0],"5":[0,0],"6":[0,0],"7":[0,0],"8":[0,0],"9":[0,0],"10":[0,0],"11":[0,0],"12":[0,0],"13":[0,0]},"f":{"1":0,"2":0,"3":0,"4":0,"5":0,"6":0,"7":0,"8":0,"9":0,"10":0,"11":0,"12":0,"13":0,"14":0,"15":0},"fnMap":{"1":{"name":"tokenURI","line":12,"loc":{"start":{"line":12,"column":4},"end":{"line":16,"column":4}}},"2":{"name":"_randomRarity","line":18,"loc":{"start":{"line":18,"column":4},"end":{"line":29,"column":4}}},"3":{"name":"_legs","line":32,"loc":{"start":{"line":32,"column":4},"end":{"line":73,"column":4}}},"4":{"name":"_weapon","line":76,"loc":{"start":{"line":76,"column":4},"end":{"line":104,"column":4}}},"5":{"name":"_body","line":107,"loc":{"start":{"line":107,"column":4},"end":{"line":133,"column":4}}},"6":{"name":"_arms","line":135,"loc":{"start":{"line":135,"column":4},"end":{"line":181,"column":4}}},"7":{"name":"_imageURItoTokenURI","line":183,"loc":{"start":{"line":183,"column":4},"end":{"line":196,"column":4}}},"8":{"name":"_svgToImageURI","line":198,"loc":{"start":{"line":198,"column":4},"end":{"line":206,"column":4}}},"9":{"name":"_reseed","line":208,"loc":{"start":{"line":208,"column":4},"end":{"line":210,"column":4}}},"10":{"name":"getAttributes","line":212,"loc":{"start":{"line":212,"column":4},"end":{"line":236,"column":4}}},"11":{"name":"_top","line":238,"loc":{"start":{"line":238,"column":4},"end":{"line":283,"column":4}}},"12":{"name":"_encode","line":285,"loc":{"start":{"line":285,"column":4},"end":{"line":357,"column":4}}},"13":{"name":"toString","line":359,"loc":{"start":{"line":359,"column":4},"end":{"line":376,"column":4}}},"14":{"name":"substring","line":379,"loc":{"start":{"line":379,"column":4},"end":{"line":390,"column":4}}},"15":{"name":"_renderSVG","line":392,"loc":{"start":{"line":392,"column":4},"end":{"line":432,"column":4}}}},"statementMap":{"1":{"start":{"line":13,"column":8},"end":{"line":13,"column":45}},"2":{"start":{"line":14,"column":8},"end":{"line":14,"column":32}},"3":{"start":{"line":15,"column":8},"end":{"line":15,"column":46}},"4":{"start":{"line":19,"column":8},"end":{"line":19,"column":45}},"5":{"start":{"line":20,"column":8},"end":{"line":20,"column":21}},"6":{"start":{"line":21,"column":8},"end":{"line":21,"column":842}},"7":{"start":{"line":22,"column":12},"end":{"line":22,"column":62}},"8":{"start":{"line":23,"column":13},"end":{"line":23,"column":970}},"9":{"start":{"line":24,"column":12},"end":{"line":24,"column":76}},"10":{"start":{"line":25,"column":13},"end":{"line":25,"column":1114}},"11":{"start":{"line":26,"column":12},"end":{"line":26,"column":71}},"12":{"start":{"line":27,"column":13},"end":{"line":27,"column":1253}},"13":{"start":{"line":28,"column":12},"end":{"line":28,"column":75}},"14":{"start":{"line":35,"column":8},"end":{"line":35,"column":21}},"15":{"start":{"line":36,"column":8},"end":{"line":36,"column":50}},"16":{"start":{"line":37,"column":8},"end":{"line":37,"column":1559}},"17":{"start":{"line":38,"column":16},"end":{"line":38,"column":1636}},"18":{"start":{"line":44,"column":12},"end":{"line":44,"column":41}},"19":{"start":{"line":46,"column":12},"end":{"line":46,"column":1963}},"20":{"start":{"line":70,"column":12},"end":{"line":70,"column":35}},"21":{"start":{"line":78,"column":8},"end":{"line":78,"column":21}},"22":{"start":{"line":79,"column":8},"end":{"line":79,"column":53}},"23":{"start":{"line":80,"column":8},"end":{"line":80,"column":2950}},"24":{"start":{"line":81,"column":12},"end":{"line":81,"column":2994}},"25":{"start":{"line":86,"column":12},"end":{"line":86,"column":44}},"26":{"start":{"line":88,"column":12},"end":{"line":88,"column":3258}},"27":{"start":{"line":102,"column":12},"end":{"line":102,"column":38}},"28":{"start":{"line":109,"column":8},"end":{"line":109,"column":21}},"29":{"start":{"line":110,"column":8},"end":{"line":110,"column":52}},"30":{"start":{"line":112,"column":8},"end":{"line":112,"column":3943}},"31":{"start":{"line":113,"column":12},"end":{"line":113,"column":4045}},"32":{"start":{"line":116,"column":12},"end":{"line":116,"column":43}},"33":{"start":{"line":118,"column":12},"end":{"line":118,"column":4258}},"34":{"start":{"line":131,"column":12},"end":{"line":131,"column":37}},"35":{"start":{"line":136,"column":8},"end":{"line":136,"column":21}},"36":{"start":{"line":137,"column":8},"end":{"line":137,"column":50}},"37":{"start":{"line":140,"column":8},"end":{"line":140,"column":4949}},"38":{"start":{"line":141,"column":12},"end":{"line":141,"column":5038}},"39":{"start":{"line":146,"column":12},"end":{"line":146,"column":5269}},"40":{"start":{"line":151,"column":12},"end":{"line":151,"column":78}},"41":{"start":{"line":153,"column":12},"end":{"line":153,"column":5517}},"42":{"start":{"line":164,"column":12},"end":{"line":164,"column":5849}},"43":{"start":{"line":175,"column":12},"end":{"line":175,"column":108}},"44":{"start":{"line":176,"column":12},"end":{"line":176,"column":33}},"45":{"start":{"line":184,"column":8},"end":{"line":184,"column":63}},"46":{"start":{"line":185,"column":8},"end":{"line":185,"column":55}},"47":{"start":{"line":186,"column":8},"end":{"line":186,"column":6596}},"48":{"start":{"line":199,"column":8},"end":{"line":199,"column":51}},"49":{"start":{"line":200,"column":8},"end":{"line":200,"column":7172}},"50":{"start":{"line":209,"column":8},"end":{"line":209,"column":66}},"51":{"start":{"line":213,"column":8},"end":{"line":213,"column":38}},"52":{"start":{"line":214,"column":8},"end":{"line":214,"column":7708}},"53":{"start":{"line":215,"column":12},"end":{"line":215,"column":46}},"54":{"start":{"line":216,"column":8},"end":{"line":216,"column":55}},"55":{"start":{"line":217,"column":8},"end":{"line":217,"column":26}},"56":{"start":{"line":218,"column":8},"end":{"line":218,"column":46}},"57":{"start":{"line":219,"column":8},"end":{"line":219,"column":58}},"58":{"start":{"line":220,"column":8},"end":{"line":220,"column":61}},"59":{"start":{"line":221,"column":8},"end":{"line":221,"column":57}},"60":{"start":{"line":224,"column":8},"end":{"line":224,"column":32}},"61":{"start":{"line":225,"column":8},"end":{"line":225,"column":66}},"62":{"start":{"line":226,"column":8},"end":{"line":226,"column":33}},"63":{"start":{"line":227,"column":8},"end":{"line":227,"column":66}},"64":{"start":{"line":228,"column":8},"end":{"line":228,"column":34}},"65":{"start":{"line":229,"column":8},"end":{"line":229,"column":69}},"66":{"start":{"line":230,"column":8},"end":{"line":230,"column":35}},"67":{"start":{"line":231,"column":8},"end":{"line":231,"column":71}},"68":{"start":{"line":232,"column":8},"end":{"line":232,"column":33}},"69":{"start":{"line":233,"column":8},"end":{"line":233,"column":66}},"70":{"start":{"line":235,"column":8},"end":{"line":235,"column":382}},"71":{"start":{"line":241,"column":8},"end":{"line":241,"column":21}},"72":{"start":{"line":242,"column":8},"end":{"line":242,"column":50}},"73":{"start":{"line":243,"column":8},"end":{"line":243,"column":9279}},"74":{"start":{"line":244,"column":12},"end":{"line":244,"column":9339}},"75":{"start":{"line":249,"column":12},"end":{"line":249,"column":42}},"76":{"start":{"line":253,"column":12},"end":{"line":253,"column":9929}},"77":{"start":{"line":281,"column":12},"end":{"line":281,"column":36}},"78":{"start":{"line":286,"column":8},"end":{"line":286,"column":96}},"79":{"start":{"line":287,"column":8},"end":{"line":287,"column":39}},"80":{"start":{"line":287,"column":30},"end":{"line":287,"column":39}},"81":{"start":{"line":290,"column":8},"end":{"line":290,"column":35}},"82":{"start":{"line":293,"column":8},"end":{"line":293,"column":56}},"83":{"start":{"line":296,"column":8},"end":{"line":296,"column":58}},"84":{"start":{"line":356,"column":8},"end":{"line":356,"column":21}},"85":{"start":{"line":360,"column":8},"end":{"line":360,"column":13228}},"86":{"start":{"line":361,"column":12},"end":{"line":361,"column":22}},"87":{"start":{"line":363,"column":8},"end":{"line":363,"column":28}},"88":{"start":{"line":364,"column":8},"end":{"line":364,"column":22}},"89":{"start":{"line":365,"column":8},"end":{"line":365,"column":13347}},"90":{"start":{"line":367,"column":12},"end":{"line":367,"column":21}},"91":{"start":{"line":369,"column":8},"end":{"line":369,"column":47}},"92":{"start":{"line":370,"column":8},"end":{"line":370,"column":13485}},"93":{"start":{"line":371,"column":12},"end":{"line":371,"column":22}},"94":{"start":{"line":372,"column":12},"end":{"line":372,"column":67}},"95":{"start":{"line":373,"column":12},"end":{"line":373,"column":22}},"96":{"start":{"line":375,"column":8},"end":{"line":375,"column":29}},"97":{"start":{"line":384,"column":8},"end":{"line":384,"column":42}},"98":{"start":{"line":385,"column":8},"end":{"line":385,"column":62}},"99":{"start":{"line":386,"column":8},"end":{"line":386,"column":13957}},"100":{"start":{"line":387,"column":12},"end":{"line":387,"column":47}},"101":{"start":{"line":389,"column":8},"end":{"line":389,"column":29}},"102":{"start":{"line":394,"column":8},"end":{"line":394,"column":45}},"103":{"start":{"line":395,"column":8},"end":{"line":395,"column":48}},"104":{"start":{"line":397,"column":8},"end":{"line":397,"column":30}},"105":{"start":{"line":398,"column":8},"end":{"line":398,"column":31}},"106":{"start":{"line":399,"column":8},"end":{"line":399,"column":49}},"107":{"start":{"line":400,"column":8},"end":{"line":400,"column":46}},"108":{"start":{"line":401,"column":8},"end":{"line":401,"column":51}},"109":{"start":{"line":402,"column":8},"end":{"line":402,"column":39}},"110":{"start":{"line":403,"column":8},"end":{"line":403,"column":30}},"111":{"start":{"line":405,"column":8},"end":{"line":405,"column":14606}},"112":{"start":{"line":407,"column":12},"end":{"line":407,"column":27}},"113":{"start":{"line":408,"column":12},"end":{"line":408,"column":195}},"114":{"start":{"line":409,"column":12},"end":{"line":409,"column":197}},"115":{"start":{"line":410,"column":15},"end":{"line":410,"column":15090}},"116":{"start":{"line":412,"column":12},"end":{"line":412,"column":27}},"117":{"start":{"line":413,"column":12},"end":{"line":413,"column":196}},"118":{"start":{"line":414,"column":12},"end":{"line":414,"column":197}},"119":{"start":{"line":417,"column":8},"end":{"line":417,"column":107}},"120":{"start":{"line":418,"column":8},"end":{"line":418,"column":99}},"121":{"start":{"line":419,"column":8},"end":{"line":419,"column":103}},"122":{"start":{"line":420,"column":8},"end":{"line":420,"column":115}},"123":{"start":{"line":421,"column":8},"end":{"line":421,"column":182}},"124":{"start":{"line":423,"column":8},"end":{"line":423,"column":16225}}},"branchMap":{"1":{"line":21,"type":"if","locations":[{"start":{"line":21,"column":8},"end":{"line":21,"column":8}},{"start":{"line":21,"column":8},"end":{"line":21,"column":8}}]},"2":{"line":23,"type":"if","locations":[{"start":{"line":23,"column":13},"end":{"line":23,"column":13}},{"start":{"line":23,"column":13},"end":{"line":23,"column":13}}]},"3":{"line":25,"type":"if","locations":[{"start":{"line":25,"column":13},"end":{"line":25,"column":13}},{"start":{"line":25,"column":13},"end":{"line":25,"column":13}}]},"4":{"line":27,"type":"if","locations":[{"start":{"line":27,"column":13},"end":{"line":27,"column":13}},{"start":{"line":27,"column":13},"end":{"line":27,"column":13}}]},"5":{"line":37,"type":"if","locations":[{"start":{"line":37,"column":8},"end":{"line":37,"column":8}},{"start":{"line":37,"column":8},"end":{"line":37,"column":8}}]},"6":{"line":80,"type":"if","locations":[{"start":{"line":80,"column":8},"end":{"line":80,"column":8}},{"start":{"line":80,"column":8},"end":{"line":80,"column":8}}]},"7":{"line":112,"type":"if","locations":[{"start":{"line":112,"column":8},"end":{"line":112,"column":8}},{"start":{"line":112,"column":8},"end":{"line":112,"column":8}}]},"8":{"line":140,"type":"if","locations":[{"start":{"line":140,"column":8},"end":{"line":140,"column":8}},{"start":{"line":140,"column":8},"end":{"line":140,"column":8}}]},"9":{"line":243,"type":"if","locations":[{"start":{"line":243,"column":8},"end":{"line":243,"column":8}},{"start":{"line":243,"column":8},"end":{"line":243,"column":8}}]},"10":{"line":287,"type":"if","locations":[{"start":{"line":287,"column":8},"end":{"line":287,"column":8}},{"start":{"line":287,"column":8},"end":{"line":287,"column":8}}]},"11":{"line":360,"type":"if","locations":[{"start":{"line":360,"column":8},"end":{"line":360,"column":8}},{"start":{"line":360,"column":8},"end":{"line":360,"column":8}}]},"12":{"line":405,"type":"if","locations":[{"start":{"line":405,"column":8},"end":{"line":405,"column":8}},{"start":{"line":405,"column":8},"end":{"line":405,"column":8}}]},"13":{"line":410,"type":"if","locations":[{"start":{"line":410,"column":15},"end":{"line":410,"column":15}},{"start":{"line":410,"column":15},"end":{"line":410,"column":15}}]}}}}